<?xml version="1.0" encoding="UTF-8" ?>
<testsuite failures="0" time="0.005" errors="0" skipped="0" tests="6" name="PrimeFinderTest">
  <properties>
    <property name="java.vendor" value="Oracle Corporation"/>
    <property name="JOB_NAME" value="PrimeFinder"/>
    <property name="PWD" value="/Users/joschinc/Downloads/jenkins"/>
    <property name="sun.java.launcher" value="SUN_STANDARD"/>
    <property name="sun.management.compiler" value="HotSpot 64-Bit Tiered Compilers"/>
    <property name="JENKINS_HOME" value="/Users/joschinc/.jenkins"/>
    <property name="PATH" value="/usr/local/bin:/usr/bin:/bin:/usr/sbin:/sbin:/usr/local/munki:/Users/mkyong/apache-maven-3.1.1/bin"/>
    <property name="HUDSON_SERVER_COOKIE" value="1f52f9a81badced9"/>
    <property name="os.name" value="Mac OS X"/>
    <property name="TERM_PROGRAM" value="Apple_Terminal"/>
    <property name="sun.boot.class.path" value="/Library/Java/JavaVirtualMachines/jdk1.7.0_80.jdk/Contents/Home/jre/lib/resources.jar:/Library/Java/JavaVirtualMachines/jdk1.7.0_80.jdk/Contents/Home/jre/lib/rt.jar:/Library/Java/JavaVirtualMachines/jdk1.7.0_80.jdk/Contents/Home/jre/lib/sunrsasign.jar:/Library/Java/JavaVirtualMachines/jdk1.7.0_80.jdk/Contents/Home/jre/lib/jsse.jar:/Library/Java/JavaVirtualMachines/jdk1.7.0_80.jdk/Contents/Home/jre/lib/jce.jar:/Library/Java/JavaVirtualMachines/jdk1.7.0_80.jdk/Contents/Home/jre/lib/charsets.jar:/Library/Java/JavaVirtualMachines/jdk1.7.0_80.jdk/Contents/Home/jre/lib/jfr.jar:/Library/Java/JavaVirtualMachines/jdk1.7.0_80.jdk/Contents/Home/jre/classes"/>
    <property name="EXECUTOR_NUMBER" value="1"/>
    <property name="TERM_SESSION_ID" value="E204775E-10AF-4B21-92E9-C59B8E32934E"/>
    <property name="java.vm.specification.vendor" value="Oracle Corporation"/>
    <property name="NODE_LABELS" value="master"/>
    <property name="java.runtime.version" value="1.7.0_80-b15"/>
    <property name="user.name" value="joschinc"/>
    <property name="guice.disable.misplaced.annotation.check" value="true"/>
    <property name="SECURITYSESSIONID" value="186a6"/>
    <property name="user.language" value="en"/>
    <property name="JOB_BASE_NAME" value="PrimeFinder"/>
    <property name="BUILD_DISPLAY_NAME" value="#1"/>
    <property name="TMPDIR" value="/var/folders/4s/fpg_t_010p1ctx16b1mqs6hrl5tsxb/T/"/>
    <property name="sun.boot.library.path" value="/Library/Java/JavaVirtualMachines/jdk1.7.0_80.jdk/Contents/Home/jre/lib"/>
    <property name="java.version" value="1.7.0_80"/>
    <property name="XPC_FLAGS" value="0x0"/>
    <property name="user.timezone" value="America/Costa_Rica"/>
    <property name="sun.arch.data.model" value="64"/>
    <property name="NODE_NAME" value="master"/>
    <property name="TERM" value="xterm-256color"/>
    <property name="java.endorsed.dirs" value="/Library/Java/JavaVirtualMachines/jdk1.7.0_80.jdk/Contents/Home/jre/lib/endorsed"/>
    <property name="BUILD_ID" value="1"/>
    <property name="sun.cpu.isalist" value=""/>
    <property name="sun.jnu.encoding" value="UTF-8"/>
    <property name="file.encoding.pkg" value="sun.io"/>
    <property name="SHELL" value="/bin/bash"/>
    <property name="file.separator" value="/"/>
    <property name="java.specification.name" value="Java Platform API Specification"/>
    <property name="java.class.version" value="51.0"/>
    <property name="org.slf4j.simpleLogger.defaultLogLevel" value="info"/>
    <property name="user.country" value="US"/>
    <property name="java.home" value="/Library/Java/JavaVirtualMachines/jdk1.7.0_80.jdk/Contents/Home/jre"/>
    <property name="java.vm.info" value="mixed mode"/>
    <property name="os.version" value="10.11.6"/>
    <property name="sun.font.fontmanager" value="sun.font.CFontManager"/>
    <property name="path.separator" value=":"/>
    <property name="java.vm.version" value="24.80-b11"/>
    <property name="SHLVL" value="1"/>
    <property name="_" value="/usr/bin/java"/>
    <property name="java.awt.printerjob" value="sun.lwawt.macosx.CPrinterJob"/>
    <property name="JAVA_HOME" value="/Library/Java/JavaVirtualMachines/jdk1.7.0_80.jdk/Contents/Home"/>
    <property name="sun.io.unicode.encoding" value="UnicodeBig"/>
    <property name="awt.toolkit" value="sun.lwawt.macosx.LWCToolkit"/>
    <property name="LOGNAME" value="joschinc"/>
    <property name="HOME" value="/Users/joschinc"/>
    <property name="user.home" value="/Users/joschinc"/>
    <property name="BUILD_TAG" value="jenkins-PrimeFinder-1"/>
    <property name="JENKINS_SERVER_COOKIE" value="1f52f9a81badced9"/>
    <property name="XPC_SERVICE_NAME" value="0"/>
    <property name="java.specification.vendor" value="Oracle Corporation"/>
    <property name="CLASSPATH" value=""/>
    <property name="java.library.path" value="/Users/joschinc/Library/Java/Extensions:/Library/Java/Extensions:/Network/Library/Java/Extensions:/System/Library/Java/Extensions:/usr/lib/java:."/>
    <property name="java.vendor.url" value="http://java.oracle.com/"/>
    <property name="Apple_PubSub_Socket_Render" value="/private/tmp/com.apple.launchd.SevykDsOGf/Render"/>
    <property name="java.vm.vendor" value="Oracle Corporation"/>
    <property name="gopherProxySet" value="false"/>
    <property name="JAVA_MAIN_CLASS_22090" value="Main"/>
    <property name="maven.home" value="/Users/joschinc/.jenkins/tools/hudson.tasks.Maven_MavenInstallation/Maven-3.3.9"/>
    <property name="java.runtime.name" value="Java(TM) SE Runtime Environment"/>
    <property name="sun.java.command" value="jenkins.maven3.agent.Maven33Main /Users/joschinc/.jenkins/tools/hudson.tasks.Maven_MavenInstallation/Maven-3.3.9 /Users/joschinc/.jenkins/war/WEB-INF/lib/remoting-2.62.3.jar /Users/joschinc/.jenkins/plugins/maven-plugin/WEB-INF/lib/maven33-interceptor-1.8.1.jar /Users/joschinc/.jenkins/plugins/maven-plugin/WEB-INF/lib/maven3-interceptor-commons-1.8.1.jar 54777"/>
    <property name="java.class.path" value="/Users/joschinc/.jenkins/plugins/maven-plugin/WEB-INF/lib/maven33-agent-1.8.1.jar:/Users/joschinc/.jenkins/tools/hudson.tasks.Maven_MavenInstallation/Maven-3.3.9/boot/plexus-classworlds-2.5.2.jar:/Users/joschinc/.jenkins/tools/hudson.tasks.Maven_MavenInstallation/Maven-3.3.9/conf/logging"/>
    <property name="java.vm.specification.name" value="Java Virtual Machine Specification"/>
    <property name="java.vm.specification.version" value="1.7"/>
    <property name="sun.os.patch.level" value="unknown"/>
    <property name="sun.cpu.endian" value="little"/>
    <property name="M2_HOME" value="/Users/joschinc/.jenkins/tools/hudson.tasks.Maven_MavenInstallation/Maven-3.3.9"/>
    <property name="java.io.tmpdir" value="/var/folders/4s/fpg_t_010p1ctx16b1mqs6hrl5tsxb/T/"/>
    <property name="HUDSON_HOME" value="/Users/joschinc/.jenkins"/>
    <property name="PATH+MAVEN" value="/Users/joschinc/.jenkins/tools/hudson.tasks.Maven_MavenInstallation/Maven-3.3.9/bin"/>
    <property name="java.vendor.url.bug" value="http://bugreport.sun.com/bugreport/"/>
    <property name="OLDPWD" value="/Users/joschinc/Downloads"/>
    <property name="SSH_AUTH_SOCK" value="/private/tmp/com.apple.launchd.kJfOH3qWnC/Listeners"/>
    <property name="java.awt.graphicsenv" value="sun.awt.CGraphicsEnvironment"/>
    <property name="os.arch" value="x86_64"/>
    <property name="java.ext.dirs" value="/Users/joschinc/Library/Java/Extensions:/Library/Java/JavaVirtualMachines/jdk1.7.0_80.jdk/Contents/Home/jre/lib/ext:/Library/Java/Extensions:/Network/Library/Java/Extensions:/System/Library/Java/Extensions:/usr/lib/java"/>
    <property name="__CF_USER_TEXT_ENCODING" value="0x265D67AB:0:0"/>
    <property name="user.dir" value="/Users/joschinc/jenkins/PrimeFinder"/>
    <property name="line.separator" value="
"/>
    <property name="MAVEN_HOME" value="/Users/joschinc/.jenkins/tools/hudson.tasks.Maven_MavenInstallation/Maven-3.3.9"/>
    <property name="java.vm.name" value="Java HotSpot(TM) 64-Bit Server VM"/>
    <property name="BUILD_NUMBER" value="1"/>
    <property name="TERM_PROGRAM_VERSION" value="361.1"/>
    <property name="file.encoding" value="UTF-8"/>
    <property name="LANG" value="en_US.UTF-8"/>
    <property name="maven3.interceptor" value="/Users/joschinc/.jenkins/plugins/maven-plugin/WEB-INF/lib/maven33-interceptor-1.8.1.jar"/>
    <property name="WORKSPACE" value="/Users/joschinc/.jenkins/jobs/PrimeFinder/workspace"/>
    <property name="maven3.interceptor.common" value="/Users/joschinc/.jenkins/plugins/maven-plugin/WEB-INF/lib/maven3-interceptor-commons-1.8.1.jar"/>
    <property name="java.specification.version" value="1.7"/>
    <property name="USER" value="joschinc"/>
  </properties>
  <testcase time="0.002" classname="PrimeFinderTest" name="findSquareRootNegativeNumberTest"/>
  <testcase time="0" classname="PrimeFinderTest" name="findPrimeTest"/>
  <testcase time="0.002" classname="PrimeFinderTest" name="findPrimeTimeOutTest"/>
  <testcase time="0" classname="PrimeFinderTest" name="findPrimeNegativeValueTest"/>
  <testcase time="0.001" classname="PrimeFinderTest" name="isPrimeTest"/>
  <testcase time="0" classname="PrimeFinderTest" name="findSquareRootTest"/>
</testsuite>